<?xml version="1.0" encoding="utf-8"?>
<value>
	<struct>
		<member>
			<name>lowerBound</name>
			<value><i4>18</i4></value>
		</member>
		<member>
			<name>upperBound</name>
			<value><i4>139</i4></value>
		</member>
		<member>
			<name>inner_struct_1</name>
			<value><struct>
					<member>
						<name>min</name>
						<value><double>-1.6</double></value>
					</member>
					<member>
						<name>max</name>
						<value><double>37.99</double></value>
					</member>
			</struct></value>
		</member>
		<member>
			<name>testArray</name>
			<value><array>
					<data>
						<value><i4>12</i4></value>
						<value><string>Egypt</string></value>
						<value><boolean>0</boolean></value>
						<value><i4>-31</i4></value>
						<value><struct>
								<member>
									<name>struct_in_array</name>
									<value><string>success</string></value>
								</member>
								<member>
									<name>testArray2</name>
									<value><array>
											<data>
												<value><i4>77</i4></value>
												<value><string>OK</string></value>
											</data>
									</array></value>
								</member>
						</struct></value>
						<value><array>
								<data>
									<value><string>^-^y</string></value>
									<value><boolean>1</boolean></value>
								</data>
						</array></value>
					</data>
			</array></value>
		</member>
	</struct>
</value>
